#
# A fatal error has been detected by the Java Runtime Environment:
#
#  EXCEPTION_ACCESS_VIOLATION (0xc0000005) at pc=0x00007ffa769326c4, pid=9472, tid=5812
#
# JRE version: OpenJDK Runtime Environment (24.0+36) (build 24+36-3646)
# Java VM: OpenJDK 64-Bit Server VM (24+36-3646, mixed mode, sharing, tiered, compressed oops, compressed class ptrs, g1 gc, windows-amd64)
# Problematic frame:
# C  0x00007ffa769326c4
#
# No core dump will be written. Minidumps are not enabled by default on client versions of Windows
#
# JFR recording file will be written. Location: C:\Users\Md Monser Ali\IdeaProjects\MysticMaze\hs_err_pid9472.jfr
#
# If you would like to submit a bug report, please visit:
#   https://bugreport.java.com/bugreport/crash.jsp
# The crash happened outside the Java Virtual Machine in native code.
# See problematic frame for where to report the bug.
#

---------------  S U M M A R Y ------------

Command Line: -javaagent:C:\Program Files\JetBrains\IntelliJ IDEA 2025.1\lib\idea_rt.jar=51971 -Dfile.encoding=UTF-8 -Dsun.stdout.encoding=UTF-8 -Dsun.stderr.encoding=UTF-8 --module-path=C:\Users\Md Monser Ali\.m2\repository\org\openjfx\javafx-base\17.0.6\javafx-base-17.0.6-win.jar;C:\Users\Md Monser Ali\IdeaProjects\MysticMaze\target\classes;C:\Users\Md Monser Ali\.m2\repository\org\openjfx\javafx-controls\17.0.6\javafx-controls-17.0.6-win.jar;C:\Users\Md Monser Ali\.m2\repository\org\openjfx\javafx-graphics\17.0.6\javafx-graphics-17.0.6-win.jar;C:\Users\Md Monser Ali\.m2\repository\org\openjfx\javafx-fxml\17.0.6\javafx-fxml-17.0.6-win.jar -Djdk.module.main=com.example.mysticmaze com.example.mysticmaze/com.example.mysticmaze.Main

Host: Intel(R) Core(TM) i3-7100 CPU @ 3.90GHz, 4 cores, 3G,  Windows 10 , 64 bit Build 19041 (10.0.19041.5794)
Time: Fri May  9 02:28:40 2025 Bangladesh Standard Time elapsed time: 11.998211 seconds (0d 0h 0m 11s)

---------------  T H R E A D  ---------------

Current thread (0x00000193c3121280):  JavaThread "Attach Listener" daemon [_thread_in_native, id=5812, stack(0x0000002c72b00000,0x0000002c72c00000) (1024K)]

Stack: [0x0000002c72b00000,0x0000002c72c00000],  sp=0x0000002c72bfece0,  free space=1019k
Native frames: (J=compiled Java code, j=interpreted, Vv=VM code, C=native code)
C  0x00007ffa769326c4  (no source info available)
C  0x00007ffa76932b9b  (no source info available)
C  0x00007ffa769317f4  (no source info available)
C  0x00007ffa7693206a  (no source info available)
C  0x00007ffa7692cc21  (no source info available)
C  0x00007ffa7691e5e1  (no source info available)
C  0x00007ffa7691d2f8  (no source info available)
C  0x00007ffa7691d1e0  (no source info available)
C  0x00007ffa769241b9  (no source info available)
V  [jvm.dll+0x57f1b7]  (no source info available)
V  [jvm.dll+0x57ff2c]  (no source info available)
V  [jvm.dll+0x14c9b7]  (no source info available)
V  [jvm.dll+0x14df81]  (no source info available)
V  [jvm.dll+0x42f566]  (no source info available)
V  [jvm.dll+0x87d8fb]  (no source info available)
V  [jvm.dll+0x72efe5]  (no source info available)
C  [ucrtbase.dll+0x21bb2]  (no source info available)
C  [KERNEL32.DLL+0x17374]  (no source info available)
C  [ntdll.dll+0x4cc91]  (no source info available)


siginfo: EXCEPTION_ACCESS_VIOLATION (0xc0000005), reading address 0xffffffffffffffff


Registers:
RAX=0x0000000000000010, RBX=0x0000000000000000, RCX=0xffffffffffffffff, RDX=0x007ffa78312ff010
RSP=0x0000002c72bfece0, RBP=0x00000193cd9b43e8, RSI=0x0000002c72bfee50, RDI=0x00000193cd9b43e8
R8 =0x0000000000000042, R9 =0x00000000c2100840, R10=0x00007ffa78589fc0, R11=0x0000000000000008
R12=0x0000002c72bfee50, R13=0x00000193cd183950, R14=0x00000193c3121648, R15=0x00000193c3121648
RIP=0x00007ffa769326c4, EFLAGS=0x0000000000010202

XMM[0]=0x0000000000000000 0x0000000000000000
XMM[1]=0x0000000000000000 0x0000000000000000
XMM[2]=0x0000000000000000 0x0000000000000000
XMM[3]=0x0000000000000000 0x0000000000000000
XMM[4]=0x0000000000000000 0x0000000000000000
XMM[5]=0x0000000000000000 0x0000000000000000
XMM[6]=0x0000000000000000 0x0000000000000000
XMM[7]=0x0000000000000000 0x0000000000000000
XMM[8]=0x0000000000000000 0x0000000000000000
XMM[9]=0x0000000000000000 0x0000000000000000
XMM[10]=0x0000000000000000 0x0000000000000000
XMM[11]=0x0000000000000000 0x0000000000000000
XMM[12]=0x0000000000000000 0x0000000000000000
XMM[13]=0x0000000000000000 0x0000000000000000
XMM[14]=0x0000000000000000 0x0000000000000000
XMM[15]=0x0000000000000000 0x0000000000000000
  MXCSR=0x00001fa0


Register to memory mapping:

RAX=0x0000000000000010 is an unknown value
RBX=0x0 is null
RCX=0xffffffffffffffff is an unknown value
RDX=0x007ffa78312ff010 is an unknown value
RSP=0x0000002c72bfece0 is pointing into the stack for thread: 0x00000193c3121280
RBP=0x00000193cd9b43e8 points into unknown readable memory: 0x00000000c2100840 | 40 08 10 c2 00 00 00 00
RSI=0x0000002c72bfee50 is pointing into the stack for thread: 0x00000193c3121280
RDI=0x00000193cd9b43e8 points into unknown readable memory: 0x00000000c2100840 | 40 08 10 c2 00 00 00 00
R8 =0x0000000000000042 is an unknown value
R9 =0x00000000c2100840 is an oop: java.lang.Thread 
{0x00000000c2100840} - klass: 'java/lang/Thread' - flags: 

 - ---- fields (total size 14 words):
 - 'threadLocalRandomProbe' 'I' @12  0 (0x00000000)
 - private volatile 'eetop' 'J' @16  1734727229584 (0x00000193e5cce090)
 - private final 'tid' 'J' @24  3 (0x0000000000000003)
 - 'threadLocalRandomSeed' 'J' @32  0 (0x0000000000000000)
 - injected 'jvmti_thread_state' 'J' @40  1734153572240 (0x00000193c39b8f90)
 - 'threadLocalRandomSecondarySeed' 'I' @48  0 (0x00000000)
 - injected 'jvmti_VTMS_transition_disable_count' 'I' @52  0 (0x00000000)
 - injected 'jfr_epoch' 'S' @56  0 (0x0000)
 - volatile 'interrupted' 'Z' @58  false (0x00)
 - injected 'jvmti_is_in_VTMS_transition' 'Z' @59  false (0x00)
 - private volatile 'name' 'Ljava/lang/String;' @60  "main"{0x00000000c237d800} (0xc237d800)
 - private volatile 'contextClassLoader' 'Ljava/lang/ClassLoader;' @64  a 'jdk/internal/loader/ClassLoaders$AppClassLoader'{0x00000000c2100070} (0xc2100070)
 - private final 'holder' 'Ljava/lang/Thread$FieldHolder;' @68  a 'java/lang/Thread$FieldHolder'{0x00000000c237d7d8} (0xc237d7d8)
 - 'threadLocals' 'Ljava/lang/ThreadLocal$ThreadLocalMap;' @72  a 'java/lang/ThreadLocal$ThreadLocalMap'{0x00000000c237d570} (0xc237d570)
 - 'inheritableThreadLocals' 'Ljava/lang/ThreadLocal$ThreadLocalMap;' @76  null (0x00000000)
 - private 'scopedValueBindings' 'Ljava/lang/Object;' @80  a 'java/lang/Class'{0x00000000ffe7c280} = 'java/lang/Thread' (0xffe7c280)
 - final 'interruptLock' 'Ljava/lang/Object;' @84  a 'java/lang/Object'{0x00000000c237d560} (0xc237d560)
 - private volatile 'parkBlocker' 'Ljava/lang/Object;' @88  a 'java/util/concurrent/CountDownLatch$Sync'{0x00000000c2100820} (0xc2100820)
 - private 'nioBlocker' 'Lsun/nio/ch/Interruptible;' @92  null (0x00000000)
 - private 'cont' 'Ljdk/internal/vm/Continuation;' @96  null (0x00000000)
 - private volatile 'uncaughtExceptionHandler' 'Ljava/lang/Thread$UncaughtExceptionHandler;' @100  null (0x00000000)
 - private 'container' 'Ljdk/internal/vm/ThreadContainer;' @104  null (0x00000000)
 - private volatile 'headStackableScopes' 'Ljdk/internal/vm/StackableScope;' @108  null (0x00000000)
R10=0x00007ffa78589fc0 jvm.dll
R11=0x0000000000000008 is an unknown value
R12=0x0000002c72bfee50 is pointing into the stack for thread: 0x00000193c3121280
R13=0x00000193cd183950 points into unknown readable memory: 0x00007ffa784fa510 | 10 a5 4f 78 fa 7f 00 00
R14=0x00000193c3121648 points into unknown readable memory: 0x00007ffa784f17b0 | b0 17 4f 78 fa 7f 00 00
R15=0x00000193c3121648 points into unknown readable memory: 0x00007ffa784f17b0 | b0 17 4f 78 fa 7f 00 00

Top of Stack: (sp=0x0000002c72bfece0)
0x0000002c72bfece0:   0000002c72bfee50 00000193cd9b43e8   P..r,....C......
0x0000002c72bfecf0:   0000000000000000 00000193c31219d0   ................
0x0000002c72bfed00:   000000000000002e 00007ffa76932b9b   .........+.v....
0x0000002c72bfed10:   0000000000000000 00000193c3121648   ........H.......
0x0000002c72bfed20:   0000002c72bfee01 0000000000000000   ...r,...........
0x0000002c72bfed30:   00000193c31791d0 00007ffa769317f4   ...........v....
0x0000002c72bfed40:   0000000000000000 000000000000002e   ................
0x0000002c72bfed50:   0000000000000000 000000000000002e   ................
0x0000002c72bfed60:   0000001600000000 00000193c39f85d0   ................
0x0000002c72bfed70:   00000193c31791d0 00000193c3179288   ................
0x0000002c72bfed80:   00000193c31792cc 0000000000001450   ........P.......
0x0000002c72bfed90:   0000000000000000 0000000000000000   ................
0x0000002c72bfeda0:   0000000000000000 00007ffa77d558e4   .........X.w....
0x0000002c72bfedb0:   00007ffa76a74ca0 0000000000002500   .L.v.....%......
0x0000002c72bfedc0:   00007ffa76a74ca0 00000000ffffffff   .L.v............
0x0000002c72bfedd0:   0000000000000000 00007ffa7693206a   ........j .v....
0x0000002c72bfede0:   00000193c3121648 0000000000000000   H...............
0x0000002c72bfedf0:   0000002c72bfee59 00000193cd183950   Y..r,...P9......
0x0000002c72bfee00:   0000000000000003 0000000000000048   ........H.......
0x0000002c72bfee10:   0000000800800310 0000000000000020   ........ .......
0x0000002c72bfee20:   00000193c3121648 00007ffa76a74ca0   H........L.v....
0x0000002c72bfee30:   00000193c3128850 00000193c39b8f90   P...............
0x0000002c72bfee40:   0000000800800390 00000193c3121648   ........H.......
0x0000002c72bfee50:   00000193cd9264f0 00000193cd926ab0   .d.......j......
0x0000002c72bfee60:   00000193cd926ab0 00007ffa76a74ca0   .j.......L.v....
0x0000002c72bfee70:   0000002c72bfefe8 00000193e3a00000   ...r,...........
0x0000002c72bfee80:   0000002c72bff120 0000000000008840    ..r,...@.......
0x0000002c72bfee90:   0000002c72bff300 00007ffa76a74cf0   ...r,....L.v....
0x0000002c72bfeea0:   0000000000989680 0000000000989680   ................
0x0000002c72bfeeb0:   0000002c72bfefc0 00007ffa7692cc21   ...r,...!..v....
0x0000002c72bfeec0:   00007ffa76a74ca0 00007ffa76a74cf8   .L.v.....L.v....
0x0000002c72bfeed0:   00007ffa00000000 00007ffa00000001   ................

Instructions: (pc=0x00007ffa769326c4)
  0x00007ffa769325c4:   cc cc cc cc cc cc cc cc cc cc cc cc cc cc cc cc
  0x00007ffa769325d4:   cc cc cc cc cc cc cc cc cc cc cc cc cc cc cc cc
  0x00007ffa769325e4:   cc cc cc cc cc cc cc cc cc cc cc cc cc cc cc cc
  0x00007ffa769325f4:   cc cc cc cc cc cc cc cc cc cc cc cc cc cc cc cc
  0x00007ffa76932604:   cc cc cc cc cc cc cc cc cc cc cc cc cc cc cc cc
  0x00007ffa76932614:   cc cc cc cc cc cc cc cc cc cc cc cc cc cc cc cc
  0x00007ffa76932624:   cc cc cc cc cc cc cc cc cc cc cc cc cc cc cc cc
  0x00007ffa76932634:   cc cc cc cc cc cc cc cc cc cc cc cc cc cc cc cc
  0x00007ffa76932644:   cc cc cc cc cc cc cc cc cc cc cc cc 40 57 48 83
  0x00007ffa76932654:   ec 20 48 8b f9 48 8b 0d 10 28 14 00 48 85 c9 74
  0x00007ffa76932664:   20 48 8b 01 48 8d 54 24 38 41 b8 06 00 01 00 4c
  0x00007ffa76932674:   8b 48 30 41 ff d1 85 c0 75 07 48 8b 4c 24 38 eb
  0x00007ffa76932684:   02 33 c9 4c 8b 05 ea 28 14 00 48 89 5c 24 30 4d
  0x00007ffa76932694:   85 c0 74 4a 48 8b 01 48 8b d7 4c 8b 88 28 03 00
  0x00007ffa769326a4:   00 41 ff d1 48 85 c0 74 35 48 63 0d f8 e6 13 00
  0x00007ffa769326b4:   48 8b 14 01 48 85 d2 74 15 48 63 05 fc e6 13 00
=>0x00007ffa769326c4:   8b 04 10 48 8b 5c 24 30 48 83 c4 20 5f c3 b8 ff
  0x00007ffa769326d4:   ff ff ff 48 8b 5c 24 30 48 83 c4 20 5f c3 80 3d
  0x00007ffa769326e4:   9b 27 14 00 00 bb ff ff ff ff 74 20 4c 8b 0d 31
  0x00007ffa769326f4:   24 14 00 4c 8d 44 24 38 48 8b 0d 15 24 14 00 48
  0x00007ffa76932704:   8b d7 41 ff d1 85 c0 0f 44 5c 24 38 8b c3 48 8b
  0x00007ffa76932714:   5c 24 30 48 83 c4 20 5f c3 cc cc cc cc cc cc cc
  0x00007ffa76932724:   cc cc cc cc cc cc cc cc cc cc cc cc cc cc cc cc
  0x00007ffa76932734:   cc cc cc cc cc cc cc cc cc cc cc cc cc cc cc cc
  0x00007ffa76932744:   cc cc cc cc cc cc cc cc cc cc cc cc 48 89 54 24
  0x00007ffa76932754:   10 53 55 56 57 41 56 41 57 48 83 ec 28 48 8b f2
  0x00007ffa76932764:   4c 8b f1 48 89 4c 24 78 45 33 ff 44 89 7c 24 68
  0x00007ffa76932774:   c7 44 24 60 01 00 00 00 48 8d 4c 24 68 e8 ed 42
  0x00007ffa76932784:   f7 ff 8b d8 48 8d 4c 24 60 e8 e1 42 f7 ff 8b e8
  0x00007ffa76932794:   49 8b ce e8 00 fc f6 ff 48 8b f8 90 8b c3 f0 0f
  0x00007ffa769327a4:   b1 2f 74 04 f3 90 eb f4 4c 89 3e 4c 89 7e 08 4c
  0x00007ffa769327b4:   89 7e 10 49 8b 6e 08 4d 8b 76 10 49 3b ee 0f 84


Stack slot to memory mapping:

stack at sp + 0 slots: 0x0000002c72bfee50 is pointing into the stack for thread: 0x00000193c3121280
stack at sp + 1 slots: 0x00000193cd9b43e8 points into unknown readable memory: 0x00000000c2100840 | 40 08 10 c2 00 00 00 00
stack at sp + 2 slots: 0x0 is null
stack at sp + 3 slots: 0x00000193c31219d0 points into unknown readable memory: 0x6e616c2e6176616a | 6a 61 76 61 2e 6c 61 6e
stack at sp + 4 slots: 0x000000000000002e is an unknown value
stack at sp + 5 slots: 0x00007ffa76932b9b points into unknown readable memory: 44 8b d8 83 f8
stack at sp + 6 slots: 0x0 is null
stack at sp + 7 slots: 0x00000193c3121648 points into unknown readable memory: 0x00007ffa784f17b0 | b0 17 4f 78 fa 7f 00 00

Lock stack of current Java thread (top to bottom):


---------------  P R O C E S S  ---------------

Threads class SMR info:
_java_thread_list=0x00000193cd437960, length=26, elements={
0x00000193e5cce090, 0x00000193e5d9b040, 0x00000193e5d9cfa0, 0x00000193c3120750,
0x00000193c3121280, 0x00000193c3121db0, 0x00000193c31228e0, 0x00000193c3125750,
0x00000193c318f810, 0x00000193c31d9a30, 0x00000193c34a0d60, 0x00000193c3a9a1f0,
0x00000193c3c46b40, 0x00000193c3ca35d0, 0x00000193c3ccb2f0, 0x00000193ccf589b0,
0x00000193ccf36200, 0x00000193cd1708f0, 0x00000193cd134ef0, 0x00000193cd138220,
0x00000193cd136c30, 0x00000193cd4f46b0, 0x00000193cd4f1ad0, 0x00000193cd4f1380,
0x00000193cd4f30c0, 0x00000193cd4f3810
}

Java Threads: ( => current thread )
  0x00000193e5cce090 JavaThread "main"                              [_thread_blocked, id=6472, stack(0x0000002c72000000,0x0000002c72100000) (1024K)]
  0x00000193e5d9b040 JavaThread "Reference Handler"          daemon [_thread_blocked, id=320, stack(0x0000002c72800000,0x0000002c72900000) (1024K)]
  0x00000193e5d9cfa0 JavaThread "Finalizer"                  daemon [_thread_blocked, id=11380, stack(0x0000002c72900000,0x0000002c72a00000) (1024K)]
  0x00000193c3120750 JavaThread "Signal Dispatcher"          daemon [_thread_blocked, id=9024, stack(0x0000002c72a00000,0x0000002c72b00000) (1024K)]
=>0x00000193c3121280 JavaThread "Attach Listener"            daemon [_thread_in_native, id=5812, stack(0x0000002c72b00000,0x0000002c72c00000) (1024K)]
  0x00000193c3121db0 JavaThread "Service Thread"             daemon [_thread_blocked, id=9572, stack(0x0000002c72c00000,0x0000002c72d00000) (1024K)]
  0x00000193c31228e0 JavaThread "Monitor Deflation Thread"   daemon [_thread_blocked, id=11760, stack(0x0000002c72d00000,0x0000002c72e00000) (1024K)]
  0x00000193c3125750 JavaThread "C2 CompilerThread0"         daemon [_thread_blocked, id=6764, stack(0x0000002c72e00000,0x0000002c72f00000) (1024K)]
  0x00000193c318f810 JavaThread "C1 CompilerThread0"         daemon [_thread_blocked, id=5844, stack(0x0000002c72f00000,0x0000002c73000000) (1024K)]
  0x00000193c31d9a30 JavaThread "Common-Cleaner"             daemon [_thread_blocked, id=11192, stack(0x0000002c73000000,0x0000002c73100000) (1024K)]
  0x00000193c34a0d60 JavaThread "Monitor Ctrl-Break"         daemon [_thread_in_native, id=3492, stack(0x0000002c73200000,0x0000002c73300000) (1024K)]
  0x00000193c3a9a1f0 JavaThread "Notification Thread"        daemon [_thread_blocked, id=8780, stack(0x0000002c73300000,0x0000002c73400000) (1024K)]
  0x00000193c3c46b40 JavaThread "QuantumRenderer-0"          daemon [_thread_blocked, id=1620, stack(0x0000002c73400000,0x0000002c73500000) (1024K)]
  0x00000193c3ca35d0 JavaThread "InvokeLaterDispatcher"      daemon [_thread_blocked, id=11588, stack(0x0000002c73100000,0x0000002c73200000) (1024K)]
  0x00000193c3ccb2f0 JavaThread "JavaFX Application Thread"         [_thread_in_native, id=11416, stack(0x0000002c73500000,0x0000002c73600000) (1024K)]
  0x00000193ccf589b0 JavaThread "JavaFX-Launcher"                   [_thread_blocked, id=5376, stack(0x0000002c73a00000,0x0000002c73b00000) (1024K)]
  0x00000193ccf36200 JavaThread "Thread-2"                   daemon [_thread_in_native, id=4964, stack(0x0000002c73900000,0x0000002c73a00000) (1024K)]
  0x00000193cd1708f0 JavaThread "RMI TCP Accept-0"           daemon [_thread_in_native, id=5320, stack(0x0000002c73f00000,0x0000002c74000000) (1024K)]
  0x00000193cd134ef0 JavaThread "RMI TCP Connection(1)-192.168.0.228" daemon [_thread_in_native, id=4364, stack(0x0000002c74000000,0x0000002c74100000) (1024K)]
  0x00000193cd138220 JavaThread "RMI Scheduler(0)"           daemon [_thread_blocked, id=12284, stack(0x0000002c74100000,0x0000002c74200000) (1024K)]
  0x00000193cd136c30 JavaThread "JMX server connection timeout 39" daemon [_thread_blocked, id=6708, stack(0x0000002c74200000,0x0000002c74300000) (1024K)]
  0x00000193cd4f46b0 JavaThread "Prism Font Disposer"        daemon [_thread_blocked, id=11964, stack(0x0000002c73e00000,0x0000002c73f00000) (1024K)]
  0x00000193cd4f1ad0 JavaThread "Cleaner-0"                  daemon [_thread_blocked, id=1836, stack(0x0000002c74600000,0x0000002c74700000) (1024K)]
  0x00000193cd4f1380 JavaThread "RMI TCP Connection(2)-192.168.0.228" daemon [_thread_in_native, id=7216, stack(0x0000002c74700000,0x0000002c74800000) (1024K)]
  0x00000193cd4f30c0 JavaThread "JFR Recorder Thread"        daemon [_thread_in_native, id=7148, stack(0x0000002c74800000,0x0000002c74900000) (1024K)]
  0x00000193cd4f3810 JavaThread "JFR Periodic Tasks"         daemon [_thread_blocked, id=5200, stack(0x0000002c74900000,0x0000002c74a00000) (1024K)]
Total: 26

Other Threads:
  0x00000193e5d8ade0 VMThread "VM Thread"                           [id=1852, stack(0x0000002c72700000,0x0000002c72800000) (1024K)]
  0x00000193c311c300 WatcherThread "VM Periodic Task Thread"        [id=3756, stack(0x0000002c72600000,0x0000002c72700000) (1024K)]
  0x00000193e5d06b70 WorkerThread "GC Thread#0"                     [id=6356, stack(0x0000002c72100000,0x0000002c72200000) (1024K)]
  0x00000193cd0e3c90 WorkerThread "GC Thread#1"                     [id=7960, stack(0x0000002c73b00000,0x0000002c73c00000) (1024K)]
  0x00000193cd0e4040 WorkerThread "GC Thread#2"                     [id=9380, stack(0x0000002c73c00000,0x0000002c73d00000) (1024K)]
  0x00000193cd0e43f0 WorkerThread "GC Thread#3"                     [id=9920, stack(0x0000002c73d00000,0x0000002c73e00000) (1024K)]
  0x00000193e5d11760 ConcurrentGCThread "G1 Main Marker"            [id=9012, stack(0x0000002c72200000,0x0000002c72300000) (1024K)]
  0x00000193e5d123f0 WorkerThread "G1 Conc#0"                       [id=4312, stack(0x0000002c72300000,0x0000002c72400000) (1024K)]
  0x00000193e5d6c720 ConcurrentGCThread "G1 Refine#0"               [id=4012, stack(0x0000002c72400000,0x0000002c72500000) (1024K)]
  0x00000193e5d6d420 ConcurrentGCThread "G1 Service"                [id=8880, stack(0x0000002c72500000,0x0000002c72600000) (1024K)]
Total: 10

Threads with active compile tasks:
Total: 0

VM state: not at safepoint (normal execution)

VM Mutex/Monitor currently owned by a thread: None

Heap address: 0x00000000c1c00000, size: 996 MB, Compressed Oops mode: 32-bit

CDS archive(s) mapped at: [0x0000019382000000-0x0000019382d40000-0x0000019382d40000), size 13893632, SharedBaseAddress: 0x0000019382000000, ArchiveRelocationMode: 1.
Compressed class space mapped at: 0x0000019383000000-0x00000193c3000000, reserved size: 1073741824
UseCompressedClassPointers 1, UseCompactObjectHeaders 0
Narrow klass pointer bits 32, Max shift 3
Narrow klass base: 0x0000019382000000, Narrow klass shift: 0
Encoding Range: [0x0000019382000000 - 0x0000019482000000), (4294967296 bytes)
Klass Range:    [0x0000019382000000 - 0x00000193c3000000), (1090519040 bytes)
Klass ID Range:  [8 - 1090519033) (1090519025)

GC Precious Log:
 CardTable entry size: 512
 Card Set container configuration: InlinePtr #cards 5 size 8 Array Of Cards #cards 10 size 36 Howl #buckets 4 coarsen threshold 1843 Howl Bitmap #cards 512 size 80 coarsen threshold 460 Card regions per heap region 1 cards per card region 2048
 CPUs: 4 total, 4 available
 Memory: 3982M
 Large Page Support: Disabled
 NUMA Support: Disabled
 Compressed Oops: Enabled (32-bit)
 Heap Region Size: 1M
 Heap Min Capacity: 8M
 Heap Initial Capacity: 64M
 Heap Max Capacity: 996M
 Pre-touch: Disabled
 Parallel Workers: 4
 Concurrent Workers: 1
 Concurrent Refinement Workers: 4
 Periodic GC: Disabled

Heap:
 garbage-first heap   total reserved 1019904K, committed 67584K, used 24358K [0x00000000c1c00000, 0x0000000100000000)
  region size 1024K, 11 young (11264K), 3 survivors (3072K)
 Metaspace       used 19498K, committed 19904K, reserved 1114112K
  class space    used 2141K, committed 2304K, reserved 1048576K

Heap Regions: E=young(eden), S=young(survivor), O=old, HS=humongous(starts), HC=humongous(continues), CS=collection set, F=free, TAMS=top-at-mark-start, PB=parsable bottom
|   0|0x00000000c1c00000, 0x00000000c1d00000, 0x00000000c1d00000|100%|HS|  |TAMS 0x00000000c1c00000| PB 0x00000000c1c00000| Complete |  0
|   1|0x00000000c1d00000, 0x00000000c1e00000, 0x00000000c1e00000|100%|HC|  |TAMS 0x00000000c1d00000| PB 0x00000000c1d00000| Complete |  0
|   2|0x00000000c1e00000, 0x00000000c1f00000, 0x00000000c1f00000|100%|HC|  |TAMS 0x00000000c1e00000| PB 0x00000000c1e00000| Complete |  0
|   3|0x00000000c1f00000, 0x00000000c2000000, 0x00000000c2000000|100%|HC|  |TAMS 0x00000000c1f00000| PB 0x00000000c1f00000| Complete |  0
|   4|0x00000000c2000000, 0x00000000c2100000, 0x00000000c2100000|100%|HC|  |TAMS 0x00000000c2000000| PB 0x00000000c2000000| Complete |  0
|   5|0x00000000c2100000, 0x00000000c2200000, 0x00000000c2200000|100%| O|  |TAMS 0x00000000c2100000| PB 0x00000000c2100000| Untracked |  0
|   6|0x00000000c2200000, 0x00000000c2300000, 0x00000000c2300000|100%| O|  |TAMS 0x00000000c2200000| PB 0x00000000c2200000| Untracked |  0
|   7|0x00000000c2300000, 0x00000000c2400000, 0x00000000c2400000|100%| O|  |TAMS 0x00000000c2300000| PB 0x00000000c2300000| Untracked |  0
|   8|0x00000000c2400000, 0x00000000c2500000, 0x00000000c2500000|100%| O|  |TAMS 0x00000000c2400000| PB 0x00000000c2400000| Untracked |  0
|   9|0x00000000c2500000, 0x00000000c2600000, 0x00000000c2600000|100%|HS|  |TAMS 0x00000000c2500000| PB 0x00000000c2500000| Complete |  0
|  10|0x00000000c2600000, 0x00000000c2700000, 0x00000000c2700000|100%|HC|  |TAMS 0x00000000c2600000| PB 0x00000000c2600000| Complete |  0
|  11|0x00000000c2700000, 0x00000000c2800000, 0x00000000c2800000|100%| O|  |TAMS 0x00000000c2700000| PB 0x00000000c2700000| Untracked |  0
|  12|0x00000000c2800000, 0x00000000c2900000, 0x00000000c2900000|100%| O|  |TAMS 0x00000000c2800000| PB 0x00000000c2800000| Untracked |  0
|  13|0x00000000c2900000, 0x00000000c2968d00, 0x00000000c2a00000| 40%| O|  |TAMS 0x00000000c2900000| PB 0x00000000c2900000| Untracked |  0
|  14|0x00000000c2a00000, 0x00000000c2a00000, 0x00000000c2b00000|  0%| F|  |TAMS 0x00000000c2a00000| PB 0x00000000c2a00000| Untracked |  0
|  15|0x00000000c2b00000, 0x00000000c2b00000, 0x00000000c2c00000|  0%| F|  |TAMS 0x00000000c2b00000| PB 0x00000000c2b00000| Untracked |  0
|  16|0x00000000c2c00000, 0x00000000c2c00000, 0x00000000c2d00000|  0%| F|  |TAMS 0x00000000c2c00000| PB 0x00000000c2c00000| Untracked |  0
|  17|0x00000000c2d00000, 0x00000000c2d00000, 0x00000000c2e00000|  0%| F|  |TAMS 0x00000000c2d00000| PB 0x00000000c2d00000| Untracked |  0
|  18|0x00000000c2e00000, 0x00000000c2e00000, 0x00000000c2f00000|  0%| F|  |TAMS 0x00000000c2e00000| PB 0x00000000c2e00000| Untracked |  0
|  19|0x00000000c2f00000, 0x00000000c2f00000, 0x00000000c3000000|  0%| F|  |TAMS 0x00000000c2f00000| PB 0x00000000c2f00000| Untracked |  0
|  20|0x00000000c3000000, 0x00000000c3000000, 0x00000000c3100000|  0%| F|  |TAMS 0x00000000c3000000| PB 0x00000000c3000000| Untracked |  0
|  21|0x00000000c3100000, 0x00000000c3100000, 0x00000000c3200000|  0%| F|  |TAMS 0x00000000c3100000| PB 0x00000000c3100000| Untracked |  0
|  22|0x00000000c3200000, 0x00000000c3200000, 0x00000000c3300000|  0%| F|  |TAMS 0x00000000c3200000| PB 0x00000000c3200000| Untracked |  0
|  23|0x00000000c3300000, 0x00000000c3300000, 0x00000000c3400000|  0%| F|  |TAMS 0x00000000c3300000| PB 0x00000000c3300000| Untracked |  0
|  24|0x00000000c3400000, 0x00000000c3400000, 0x00000000c3500000|  0%| F|  |TAMS 0x00000000c3400000| PB 0x00000000c3400000| Untracked |  0
|  25|0x00000000c3500000, 0x00000000c3500000, 0x00000000c3600000|  0%| F|  |TAMS 0x00000000c3500000| PB 0x00000000c3500000| Untracked |  0
|  26|0x00000000c3600000, 0x00000000c3600000, 0x00000000c3700000|  0%| F|  |TAMS 0x00000000c3600000| PB 0x00000000c3600000| Untracked |  0
|  27|0x00000000c3700000, 0x00000000c3700000, 0x00000000c3800000|  0%| F|  |TAMS 0x00000000c3700000| PB 0x00000000c3700000| Untracked |  0
|  28|0x00000000c3800000, 0x00000000c3800000, 0x00000000c3900000|  0%| F|  |TAMS 0x00000000c3800000| PB 0x00000000c3800000| Untracked |  0
|  29|0x00000000c3900000, 0x00000000c3900000, 0x00000000c3a00000|  0%| F|  |TAMS 0x00000000c3900000| PB 0x00000000c3900000| Untracked |  0
|  30|0x00000000c3a00000, 0x00000000c3a00000, 0x00000000c3b00000|  0%| F|  |TAMS 0x00000000c3a00000| PB 0x00000000c3a00000| Untracked |  0
|  31|0x00000000c3b00000, 0x00000000c3b00000, 0x00000000c3c00000|  0%| F|  |TAMS 0x00000000c3b00000| PB 0x00000000c3b00000| Untracked |  0
|  32|0x00000000c3c00000, 0x00000000c3c00000, 0x00000000c3d00000|  0%| F|  |TAMS 0x00000000c3c00000| PB 0x00000000c3c00000| Untracked |  0
|  33|0x00000000c3d00000, 0x00000000c3d44850, 0x00000000c3e00000| 26%| S|CS|TAMS 0x00000000c3d00000| PB 0x00000000c3d00000| Complete |  0
|  34|0x00000000c3e00000, 0x00000000c3f00000, 0x00000000c3f00000|100%| S|CS|TAMS 0x00000000c3e00000| PB 0x00000000c3e00000| Complete |  0
|  35|0x00000000c3f00000, 0x00000000c4000000, 0x00000000c4000000|100%| S|CS|TAMS 0x00000000c3f00000| PB 0x00000000c3f00000| Complete |  0
|  36|0x00000000c4000000, 0x00000000c4000000, 0x00000000c4100000|  0%| F|  |TAMS 0x00000000c4000000| PB 0x00000000c4000000| Untracked |  0
|  37|0x00000000c4100000, 0x00000000c4100000, 0x00000000c4200000|  0%| F|  |TAMS 0x00000000c4100000| PB 0x00000000c4100000| Untracked |  0
|  38|0x00000000c4200000, 0x00000000c4200000, 0x00000000c4300000|  0%| F|  |TAMS 0x00000000c4200000| PB 0x00000000c4200000| Untracked |  0
|  39|0x00000000c4300000, 0x00000000c4300000, 0x00000000c4400000|  0%| F|  |TAMS 0x00000000c4300000| PB 0x00000000c4300000| Untracked |  0
|  40|0x00000000c4400000, 0x00000000c4400000, 0x00000000c4500000|  0%| F|  |TAMS 0x00000000c4400000| PB 0x00000000c4400000| Untracked |  0
|  41|0x00000000c4500000, 0x00000000c4500000, 0x00000000c4600000|  0%| F|  |TAMS 0x00000000c4500000| PB 0x00000000c4500000| Untracked |  0
|  42|0x00000000c4600000, 0x00000000c4600000, 0x00000000c4700000|  0%| F|  |TAMS 0x00000000c4600000| PB 0x00000000c4600000| Untracked |  0
|  43|0x00000000c4700000, 0x00000000c4700000, 0x00000000c4800000|  0%| F|  |TAMS 0x00000000c4700000| PB 0x00000000c4700000| Untracked |  0
|  44|0x00000000c4800000, 0x00000000c4800000, 0x00000000c4900000|  0%| F|  |TAMS 0x00000000c4800000| PB 0x00000000c4800000| Untracked |  0
|  45|0x00000000c4900000, 0x00000000c4900000, 0x00000000c4a00000|  0%| F|  |TAMS 0x00000000c4900000| PB 0x00000000c4900000| Untracked |  0
|  46|0x00000000c4a00000, 0x00000000c4a00000, 0x00000000c4b00000|  0%| F|  |TAMS 0x00000000c4a00000| PB 0x00000000c4a00000| Untracked |  0
|  47|0x00000000c4b00000, 0x00000000c4b00000, 0x00000000c4c00000|  0%| F|  |TAMS 0x00000000c4b00000| PB 0x00000000c4b00000| Untracked |  0
|  48|0x00000000c4c00000, 0x00000000c4c00000, 0x00000000c4d00000|  0%| F|  |TAMS 0x00000000c4c00000| PB 0x00000000c4c00000| Untracked |  0
|  49|0x00000000c4d00000, 0x00000000c4d00000, 0x00000000c4e00000|  0%| F|  |TAMS 0x00000000c4d00000| PB 0x00000000c4d00000| Untracked |  0
|  50|0x00000000c4e00000, 0x00000000c4e00000, 0x00000000c4f00000|  0%| F|  |TAMS 0x00000000c4e00000| PB 0x00000000c4e00000| Untracked |  0
|  51|0x00000000c4f00000, 0x00000000c4f00000, 0x00000000c5000000|  0%| F|  |TAMS 0x00000000c4f00000| PB 0x00000000c4f00000| Untracked |  0
|  52|0x00000000c5000000, 0x00000000c5000000, 0x00000000c5100000|  0%| F|  |TAMS 0x00000000c5000000| PB 0x00000000c5000000| Untracked |  0
|  53|0x00000000c5100000, 0x00000000c5100000, 0x00000000c5200000|  0%| F|  |TAMS 0x00000000c5100000| PB 0x00000000c5100000| Untracked |  0
|  54|0x00000000c5200000, 0x00000000c5200000, 0x00000000c5300000|  0%| F|  |TAMS 0x00000000c5200000| PB 0x00000000c5200000| Untracked |  0
|  55|0x00000000c5300000, 0x00000000c5300000, 0x00000000c5400000|  0%| F|  |TAMS 0x00000000c5300000| PB 0x00000000c5300000| Untracked |  0
|  56|0x00000000c5400000, 0x00000000c5473a30, 0x00000000c5500000| 45%| E|  |TAMS 0x00000000c5400000| PB 0x00000000c5400000| Complete |  0
|  57|0x00000000c5500000, 0x00000000c5600000, 0x00000000c5600000|100%| E|CS|TAMS 0x00000000c5500000| PB 0x00000000c5500000| Complete |  0
|  58|0x00000000c5600000, 0x00000000c5700000, 0x00000000c5700000|100%| E|CS|TAMS 0x00000000c5600000| PB 0x00000000c5600000| Complete |  0
|  59|0x00000000c5700000, 0x00000000c5800000, 0x00000000c5800000|100%| E|CS|TAMS 0x00000000c5700000| PB 0x00000000c5700000| Complete |  0
|  60|0x00000000c5800000, 0x00000000c5900000, 0x00000000c5900000|100%| E|CS|TAMS 0x00000000c5800000| PB 0x00000000c5800000| Complete |  0
|  61|0x00000000c5900000, 0x00000000c5a00000, 0x00000000c5a00000|100%| E|CS|TAMS 0x00000000c5900000| PB 0x00000000c5900000| Complete |  0
|  62|0x00000000c5a00000, 0x00000000c5b00000, 0x00000000c5b00000|100%| E|CS|TAMS 0x00000000c5a00000| PB 0x00000000c5a00000| Complete |  0
|  63|0x00000000c5b00000, 0x00000000c5c00000, 0x00000000c5c00000|100%| E|CS|TAMS 0x00000000c5b00000| PB 0x00000000c5b00000| Complete |  0
| 994|0x00000000ffe00000, 0x00000000fff00000, 0x00000000fff00000|100%| O|  |TAMS 0x00000000ffe00000| PB 0x00000000ffe00000| Untracked |  0
| 995|0x00000000fff00000, 0x00000000fff1c348, 0x0000000100000000| 11%| O|  |TAMS 0x00000000fff00000| PB 0x00000000fff00000| Untracked |  0

Card table byte_map: [0x00000193fd780000,0x00000193fd980000] _byte_map_base: 0x00000193fd172000

Marking Bits: (CMBitMap*) 0x00000193e5d07280
 Bits: [0x00000193fd980000, 0x00000193fe910000)

Polling page: 0x00000193e39c0000

Metaspace:

Usage:
  Non-class:     16.95 MB used.
      Class:      2.09 MB used.
       Both:     19.04 MB used.

Virtual space:
  Non-class space:       64.00 MB reserved,      17.19 MB ( 27%) committed,  1 nodes.
      Class space:        1.00 GB reserved,       2.25 MB ( <1%) committed,  1 nodes.
             Both:        1.06 GB reserved,      19.44 MB (  2%) committed. 

Chunk freelists:
   Non-Class:  14.81 MB
       Class:  13.60 MB
        Both:  28.41 MB

MaxMetaspaceSize: unlimited
CompressedClassSpaceSize: 1.00 GB
Initial GC threshold: 21.00 MB
Current GC threshold: 21.00 MB
CDS: on
 - commit_granule_bytes: 65536.
 - commit_granule_words: 8192.
 - virtual_space_node_default_size: 8388608.
 - enlarge_chunks_in_place: 1.
UseCompressedClassPointers 1, UseCompactObjectHeaders 0
Narrow klass pointer bits 32, Max shift 3
Narrow klass base: 0x0000019382000000, Narrow klass shift: 0
Encoding Range: [0x0000019382000000 - 0x0000019482000000), (4294967296 bytes)
Klass Range:    [0x0000019382000000 - 0x00000193c3000000), (1090519040 bytes)
Klass ID Range:  [8 - 1090519033) (1090519025)


Internal statistics:

num_allocs_failed_limit: 0.
num_arena_births: 324.
num_arena_deaths: 0.
num_vsnodes_births: 2.
num_vsnodes_deaths: 0.
num_space_committed: 311.
num_space_uncommitted: 0.
num_chunks_returned_to_freelist: 0.
num_chunks_taken_from_freelist: 796.
num_chunk_merges: 0.
num_chunk_splits: 502.
num_chunks_enlarged: 346.
num_inconsistent_stats: 0.

CodeHeap 'non-profiled nmethods': size=120064Kb used=1128Kb max_used=1128Kb free=118935Kb
 bounds [0x00000193f6040000, 0x00000193f62b0000, 0x00000193fd580000]
CodeHeap 'profiled nmethods': size=120000Kb used=5714Kb max_used=5714Kb free=114285Kb
 bounds [0x00000193ee580000, 0x00000193eeb20000, 0x00000193f5ab0000]
CodeHeap 'non-nmethods': size=5696Kb used=1680Kb max_used=1717Kb free=4015Kb
 bounds [0x00000193f5ab0000, 0x00000193f5d20000, 0x00000193f6040000]
CodeCache: size=245760Kb, used=8522Kb, max_used=8559Kb, free=237235Kb
 total_blobs=4363, nmethods=3516, adapters=751, full_count=0
Compilation: enabled, stopped_count=0, restarted_count=0

Compilation events (20 events):
Event: 11.932 Thread 0x00000193c3125750 nmethod 3485 0x00000193f6156f88 code [0x00000193f61570e0, 0x00000193f61578c0]
Event: 11.932 Thread 0x00000193c3125750 3486       4       jdk.jfr.internal.MetadataWriter::writeInt (148 bytes)
Event: 11.932 Thread 0x00000193c318f810 nmethod 3511 0x00000193eeb11f08 code [0x00000193eeb12020, 0x00000193eeb122d0]
Event: 11.932 Thread 0x00000193c318f810 3513   !   3       jdk.jfr.internal.Control::setValue (102 bytes)
Event: 11.933 Thread 0x00000193c318f810 nmethod 3513 0x00000193eeb12308 code [0x00000193eeb125a0, 0x00000193eeb139d0]
Event: 11.933 Thread 0x00000193c318f810 3512       3       jdk.internal.misc.Unsafe::weakCompareAndSetLong (11 bytes)
Event: 11.933 Thread 0x00000193c318f810 nmethod 3512 0x00000193eeb13a88 code [0x00000193eeb13ba0, 0x00000193eeb13cc8]
Event: 11.940 Thread 0x00000193c3125750 nmethod 3486 0x00000193f6157908 code [0x00000193f6157b00, 0x00000193f61592f8]
Event: 11.940 Thread 0x00000193c3125750 3492       4       java.util.LinkedHashMap::get (29 bytes)
Event: 11.947 Thread 0x00000193c318f810 3514       1       jdk.jfr.internal.periodic.EventTask::getEventType (5 bytes)
Event: 11.947 Thread 0x00000193c318f810 nmethod 3514 0x00000193f6159388 code [0x00000193f6159480, 0x00000193f6159548]
Event: 11.947 Thread 0x00000193c318f810 3515       1       jdk.jfr.internal.periodic.PeriodicTask::getPeriod (5 bytes)
Event: 11.947 Thread 0x00000193c318f810 nmethod 3515 0x00000193f6159688 code [0x00000193f6159780, 0x00000193f6159848]
Event: 11.947 Thread 0x00000193c318f810 3516       3       java.util.Comparator$$Lambda/0x0000019383175508::compare (10 bytes)
Event: 11.947 Thread 0x00000193c318f810 nmethod 3516 0x00000193eeb13d88 code [0x00000193eeb13ee0, 0x00000193eeb14350]
Event: 11.947 Thread 0x00000193c318f810 3517       3       java.util.Comparator::lambda$comparingLong$6043328a$1 (18 bytes)
Event: 11.948 Thread 0x00000193c318f810 nmethod 3517 0x00000193eeb14388 code [0x00000193eeb144e0, 0x00000193eeb148c0]
Event: 11.948 Thread 0x00000193c3125750 nmethod 3492 0x00000193f6159988 code [0x00000193f6159ae0, 0x00000193f6159ec8]
Event: 11.948 Thread 0x00000193c3125750 3468       4       java.lang.StringLatin1::writeDigitPair (21 bytes)
Event: 11.949 Thread 0x00000193c3125750 nmethod 3468 0x00000193f6159f08 code [0x00000193f615a020, 0x00000193f615a140]

GC Heap History (6 events):
Event: 1.307 GC heap before
{Heap before GC invocations=0 (full 0):
 garbage-first heap   total reserved 1019904K, committed 67584K, used 29808K [0x00000000c1c00000, 0x0000000100000000)
  region size 1024K, 28 young (28672K), 0 survivors (0K)
 Metaspace       used 5319K, committed 5568K, reserved 1114112K
  class space    used 473K, committed 576K, reserved 1048576K
}
Event: 1.311 GC heap after
{Heap after GC invocations=1 (full 0):
 garbage-first heap   total reserved 1019904K, committed 67584K, used 4720K [0x00000000c1c00000, 0x0000000100000000)
  region size 1024K, 4 young (4096K), 4 survivors (4096K)
 Metaspace       used 5319K, committed 5568K, reserved 1114112K
  class space    used 473K, committed 576K, reserved 1048576K
}
Event: 2.173 GC heap before
{Heap before GC invocations=1 (full 0):
 garbage-first heap   total reserved 1019904K, committed 67584K, used 36464K [0x00000000c1c00000, 0x0000000100000000)
  region size 1024K, 31 young (31744K), 4 survivors (4096K)
 Metaspace       used 13929K, committed 14144K, reserved 1114112K
  class space    used 1450K, committed 1536K, reserved 1048576K
}
Event: 2.181 GC heap after
{Heap after GC invocations=2 (full 0):
 garbage-first heap   total reserved 1019904K, committed 67584K, used 12933K [0x00000000c1c00000, 0x0000000100000000)
  region size 1024K, 4 young (4096K), 4 survivors (4096K)
 Metaspace       used 13929K, committed 14144K, reserved 1114112K
  class space    used 1450K, committed 1536K, reserved 1048576K
}
Event: 11.765 GC heap before
{Heap before GC invocations=2 (full 0):
 garbage-first heap   total reserved 1019904K, committed 67584K, used 42629K [0x00000000c1c00000, 0x0000000100000000)
  region size 1024K, 31 young (31744K), 4 survivors (4096K)
 Metaspace       used 18846K, committed 19200K, reserved 1114112K
  class space    used 2074K, committed 2240K, reserved 1048576K
}
Event: 11.772 GC heap after
{Heap after GC invocations=3 (full 0):
 garbage-first heap   total reserved 1019904K, committed 67584K, used 17190K [0x00000000c1c00000, 0x0000000100000000)
  region size 1024K, 3 young (3072K), 3 survivors (3072K)
 Metaspace       used 18846K, committed 19200K, reserved 1114112K
  class space    used 2074K, committed 2240K, reserved 1048576K
}

Dll operation events (20 events):
Event: 0.815 Loaded shared library C:\Users\Md Monser Ali\.openjfx\cache\17.0.6\api-ms-win-crt-private-l1-1-0.dll
Event: 0.820 Loaded shared library C:\Users\Md Monser Ali\.openjfx\cache\17.0.6\api-ms-win-crt-process-l1-1-0.dll
Event: 0.824 Loaded shared library C:\Users\Md Monser Ali\.openjfx\cache\17.0.6\api-ms-win-crt-runtime-l1-1-0.dll
Event: 0.829 Loaded shared library C:\Users\Md Monser Ali\.openjfx\cache\17.0.6\api-ms-win-crt-stdio-l1-1-0.dll
Event: 0.833 Loaded shared library C:\Users\Md Monser Ali\.openjfx\cache\17.0.6\api-ms-win-crt-string-l1-1-0.dll
Event: 0.838 Loaded shared library C:\Users\Md Monser Ali\.openjfx\cache\17.0.6\api-ms-win-crt-time-l1-1-0.dll
Event: 0.841 Loaded shared library C:\Users\Md Monser Ali\.openjfx\cache\17.0.6\api-ms-win-crt-utility-l1-1-0.dll
Event: 0.868 Loaded shared library C:\Users\Md Monser Ali\.openjfx\cache\17.0.6\ucrtbase.dll
Event: 0.874 Loaded shared library C:\Users\Md Monser Ali\.openjfx\cache\17.0.6\vcruntime140.dll
Event: 0.880 Loaded shared library C:\Users\Md Monser Ali\.openjfx\cache\17.0.6\vcruntime140_1.dll
Event: 0.895 Loaded shared library C:\Users\Md Monser Ali\.openjfx\cache\17.0.6\msvcp140.dll
Event: 0.900 Loaded shared library C:\Users\Md Monser Ali\.openjfx\cache\17.0.6\msvcp140_1.dll
Event: 0.909 Loaded shared library C:\Users\Md Monser Ali\.openjfx\cache\17.0.6\msvcp140_2.dll
Event: 0.981 Loaded shared library C:\Users\Md Monser Ali\.openjfx\cache\17.0.6\prism_d3d.dll
Event: 1.094 Loaded shared library C:\Users\Md Monser Ali\.openjfx\cache\17.0.6\glass.dll
Event: 1.205 Loaded shared library C:\Users\Md Monser Ali\.jdks\openjdk-24\bin\jimage.dll
Event: 1.356 Loaded shared library C:\Users\Md Monser Ali\.jdks\openjdk-24\bin\management.dll
Event: 1.386 Loaded shared library C:\Users\Md Monser Ali\.jdks\openjdk-24\bin\management_ext.dll
Event: 1.954 Loaded shared library C:\Users\Md Monser Ali\.openjfx\cache\17.0.6\javafx_font.dll
Event: 11.606 Loaded shared library C:\Users\MDMONS~1\AppData\Local\Temp\idea_libasyncProfiler_dll_temp_folder\libasyncProfiler.dll

Deoptimization events (20 events):
Event: 11.815 Thread 0x00000193c3121280 Uncommon trap: trap_request=0xffffff4d fr.pc=0x00000193f6146a5c relative=0x00000000000000bc
Event: 11.815 Thread 0x00000193c3121280 Uncommon trap: reason=unstable_if action=reinterpret pc=0x00000193f6146a5c method=jdk.jfr.internal.Type.getKnownType(Ljava/lang/Class;)Ljdk/jfr/internal/Type; @ 47 c2
Event: 11.815 Thread 0x00000193c3121280 DEOPT PACKING pc=0x00000193f6146a5c sp=0x0000002c72bfdf40
Event: 11.815 Thread 0x00000193c3121280 DEOPT UNPACKING pc=0x00000193f5b2d882 sp=0x0000002c72bfded8 mode 2
Event: 11.829 Thread 0x00000193c3121280 Uncommon trap: trap_request=0xffffff4d fr.pc=0x00000193f6098324 relative=0x0000000000000264
Event: 11.829 Thread 0x00000193c3121280 Uncommon trap: reason=unstable_if action=reinterpret pc=0x00000193f6098324 method=java.util.concurrent.ConcurrentHashMap.get(Ljava/lang/Object;)Ljava/lang/Object; @ 76 c2
Event: 11.829 Thread 0x00000193c3121280 DEOPT PACKING pc=0x00000193f6098324 sp=0x0000002c72bfdf60
Event: 11.829 Thread 0x00000193c3121280 DEOPT UNPACKING pc=0x00000193f5b2d882 sp=0x0000002c72bfded8 mode 2
Event: 11.840 Thread 0x00000193c3121280 Uncommon trap: trap_request=0xffffffcc fr.pc=0x00000193f614869c relative=0x00000000000003dc
Event: 11.840 Thread 0x00000193c3121280 Uncommon trap: reason=intrinsic_or_type_checked_inlining action=make_not_entrant pc=0x00000193f614869c method=java.util.Arrays.copyOf([Ljava/lang/Object;ILjava/lang/Class;)[Ljava/lang/Object; @ 35 c2
Event: 11.840 Thread 0x00000193c3121280 DEOPT PACKING pc=0x00000193f614869c sp=0x0000002c72bfe0c0
Event: 11.840 Thread 0x00000193c3121280 DEOPT UNPACKING pc=0x00000193f5b2d882 sp=0x0000002c72bfe050 mode 2
Event: 11.919 Thread 0x00000193c3121280 Uncommon trap: trap_request=0xffffff4d fr.pc=0x00000193f6153028 relative=0x0000000000000208
Event: 11.919 Thread 0x00000193c3121280 Uncommon trap: reason=unstable_if action=reinterpret pc=0x00000193f6153028 method=java.io.ByteArrayOutputStream.ensureCapacity(I)V @ 11 c2
Event: 11.919 Thread 0x00000193c3121280 DEOPT PACKING pc=0x00000193f6153028 sp=0x0000002c72bfe3d0
Event: 11.919 Thread 0x00000193c3121280 DEOPT UNPACKING pc=0x00000193f5b2d882 sp=0x0000002c72bfe308 mode 2
Event: 11.922 Thread 0x00000193c3121280 Uncommon trap: trap_request=0xffffff4d fr.pc=0x00000193f6152860 relative=0x0000000000000060
Event: 11.922 Thread 0x00000193c3121280 Uncommon trap: reason=unstable_if action=reinterpret pc=0x00000193f6152860 method=java.io.ByteArrayOutputStream.ensureCapacity(I)V @ 11 c2
Event: 11.922 Thread 0x00000193c3121280 DEOPT PACKING pc=0x00000193f6152860 sp=0x0000002c72bfe2c0
Event: 11.922 Thread 0x00000193c3121280 DEOPT UNPACKING pc=0x00000193f5b2d882 sp=0x0000002c72bfe240 mode 2

Classes loaded (20 events):
Event: 11.907 Loading class jdk/jfr/internal/MetadataWriter
Event: 11.907 Loading class jdk/jfr/internal/MetadataWriter done
Event: 11.908 Loading class jdk/jfr/internal/MetadataDescriptor$Element
Event: 11.908 Loading class jdk/jfr/internal/MetadataDescriptor$Element done
Event: 11.908 Loading class jdk/jfr/internal/MetadataDescriptor$Attribute
Event: 11.908 Loading class jdk/jfr/internal/MetadataDescriptor$Attribute done
Event: 11.914 Loading class jdk/jfr/internal/consumer/StringParser$Encoding
Event: 11.915 Loading class jdk/jfr/internal/consumer/StringParser$Encoding done
Event: 11.925 Loading class jdk/jfr/internal/consumer/RepositoryFiles
Event: 11.926 Loading class jdk/jfr/internal/consumer/RepositoryFiles done
Event: 11.928 Loading class jdk/jfr/internal/SettingsManager$InternalSetting
Event: 11.928 Loading class jdk/jfr/internal/SettingsManager$InternalSetting done
Event: 11.929 Loading class jdk/jfr/internal/util/Rate
Event: 11.930 Loading class jdk/jfr/internal/util/Rate done
Event: 11.930 Loading class jdk/jfr/internal/util/TimespanUnit
Event: 11.930 Loading class jdk/jfr/internal/util/TimespanUnit done
Event: 11.930 Loading class jdk/jfr/internal/util/ValueParser
Event: 11.931 Loading class jdk/jfr/internal/util/ValueParser done
Event: 11.932 Loading class jdk/jfr/internal/periodic/PeriodicType
Event: 11.932 Loading class jdk/jfr/internal/periodic/PeriodicType done

Classes unloaded (0 events):
No events

Classes redefined (0 events):
No events

Internal exceptions (20 events):
Event: 1.902 Thread 0x00000193c3ccb2f0 Exception <a 'java/lang/ClassNotFoundException'{0x00000000c47833e8}: com/sun/glass/ui/win/themes> (0x00000000c47833e8) 
thrown [s\open\src\hotspot\share\prims\jni.cpp, line 536]
Event: 1.904 Thread 0x00000193c3ccb2f0 Exception <a 'java/lang/ClassNotFoundException'{0x00000000c478b240}: com/sun/glass/ui/win/themes_en> (0x00000000c478b240) 
thrown [s\open\src\hotspot\share\prims\jni.cpp, line 536]
Event: 1.905 Thread 0x00000193c3ccb2f0 Exception <a 'java/lang/ClassNotFoundException'{0x00000000c478ee70}: com/sun/glass/ui/win/themes_en_US> (0x00000000c478ee70) 
thrown [s\open\src\hotspot\share\prims\jni.cpp, line 536]
Event: 1.948 Thread 0x00000193c3ccb2f0 Exception <a 'java/io/IOException'{0x00000000c457b1e8}> (0x00000000c457b1e8) 
thrown [s\open\src\hotspot\share\prims\jni.cpp, line 518]
Event: 2.173 Thread 0x00000193c3ccb2f0 Exception <a 'java/lang/NoSuchMethodError'{0x00000000c41fb7d0}: 'void java.lang.invoke.DirectMethodHandle$Holder.invokeStaticInit(java.lang.Object, java.lang.Object)'> (0x00000000c41fb7d0) 
thrown [s\open\src\hotspot\share\interpreter\linkResolver.cpp, line 805]
Event: 2.278 Thread 0x00000193c3ccb2f0 Implicit null exception at 0x00000193f6061b79 to 0x00000193f6061ef5
Event: 2.519 Thread 0x00000193cd134ef0 Exception <a 'java/lang/NoSuchMethodError'{0x00000000c510eb30}: 'long java.lang.invoke.DirectMethodHandle$Holder.invokeVirtual(java.lang.Object, java.lang.Object)'> (0x00000000c510eb30) 
thrown [s\open\src\hotspot\share\interpreter\linkResolver.cpp, line 805]
Event: 2.520 Thread 0x00000193cd134ef0 Exception <a 'java/lang/NoSuchMethodError'{0x00000000c5177380}: 'java.lang.Object java.lang.invoke.DirectMethodHandle$Holder.invokeStatic(java.lang.Object, long)'> (0x00000000c5177380) 
thrown [s\open\src\hotspot\share\interpreter\linkResolver.cpp, line 805]
Event: 2.521 Thread 0x00000193cd134ef0 Exception <a 'java/lang/NoSuchMethodError'{0x00000000c5187780}: 'long java.lang.invoke.DelegatingMethodHandle$Holder.reinvoke_L(java.lang.Object, java.lang.Object)'> (0x00000000c5187780) 
thrown [s\open\src\hotspot\share\interpreter\linkResolver.cpp, line 805]
Event: 2.593 Thread 0x00000193c3ccb2f0 Exception <a 'java/lang/IncompatibleClassChangeError'{0x00000000c4feb648}: Found class java.lang.Object, but interface was expected> (0x00000000c4feb648) 
thrown [s\open\src\hotspot\share\interpreter\linkResolver.cpp, line 872]
Event: 2.660 Thread 0x00000193c3ccb2f0 Exception <a 'java/lang/ClassCastException'{0x00000000c4c347b0}: class java.lang.String cannot be cast to class javafx.scene.paint.Paint (java.lang.String is in module java.base of loader 'bootstrap'; javafx.scene.paint.Paint is in module javafx.graphics of loader 'app')> (0x00000000c4c347b0) 
thrown [s\open\src\hotspot\share\interpreter\interpreterRuntime.cpp, line 438]
Event: 2.689 Thread 0x00000193c3ccb2f0 Exception <a 'java/lang/NoSuchMethodError'{0x00000000c4b328a8}: 'int java.lang.invoke.DirectMethodHandle$Holder.invokeSpecial(java.lang.Object, java.lang.Object, int)'> (0x00000000c4b328a8) 
thrown [s\open\src\hotspot\share\interpreter\linkResolver.cpp, line 805]
Event: 2.721 Thread 0x00000193c3ccb2f0 Exception <a 'java/lang/NoSuchMethodError'{0x00000000c4a1ed00}: 'java.lang.Object java.lang.invoke.DirectMethodHandle$Holder.newInvokeSpecial(java.lang.Object, java.lang.Object, int)'> (0x00000000c4a1ed00) 
thrown [s\open\src\hotspot\share\interpreter\linkResolver.cpp, line 805]
Event: 2.757 Thread 0x00000193c3c46b40 Exception <a 'java/lang/NoSuchMethodError'{0x00000000c491e618}: 'int java.lang.invoke.DirectMethodHandle$Holder.invokeStaticInit(java.lang.Object, java.lang.Object)'> (0x00000000c491e618) 
thrown [s\open\src\hotspot\share\interpreter\linkResolver.cpp, line 805]
Event: 11.756 Thread 0x00000193c3121280 Exception <a 'java/lang/NoSuchMethodError'{0x00000000c419c7c8}: 'int java.lang.invoke.DirectMethodHandle$Holder.invokeStatic(java.lang.Object, java.lang.Object, java.lang.Object, java.lang.Object)'> (0x00000000c419c7c8) 
thrown [s\open\src\hotspot\share\interpreter\linkResolver.cpp, line 805]
Event: 11.882 Thread 0x00000193c3121280 Exception <a 'java/lang/NoSuchMethodError'{0x00000000c58b51d8}: 'void java.lang.invoke.Invokers$Holder.invokeExact_MT(java.lang.Object, int, java.lang.Object)'> (0x00000000c58b51d8) 
thrown [s\open\src\hotspot\share\interpreter\linkResolver.cpp, line 805]
Event: 11.885 Thread 0x00000193c3121280 Exception <a 'java/lang/NoSuchMethodError'{0x00000000c58cf590}: 'void java.lang.invoke.DirectMethodHandle$Holder.invokeStatic(java.lang.Object, java.lang.Object, int)'> (0x00000000c58cf590) 
thrown [s\open\src\hotspot\share\interpreter\linkResolver.cpp, line 805]
Event: 11.899 Thread 0x00000193c3121280 Exception <a 'sun/nio/fs/WindowsException'{0x00000000c571ca60}> (0x00000000c571ca60) 
thrown [s\open\src\hotspot\share\prims\jni.cpp, line 518]
Event: 11.901 Thread 0x00000193c3121280 Exception <a 'sun/nio/fs/WindowsException'{0x00000000c5729a98}> (0x00000000c5729a98) 
thrown [s\open\src\hotspot\share\prims\jni.cpp, line 518]
Event: 11.904 Thread 0x00000193c3121280 Exception <a 'sun/nio/fs/WindowsException'{0x00000000c573bc48}> (0x00000000c573bc48) 
thrown [s\open\src\hotspot\share\prims\jni.cpp, line 518]

VM Operations (20 events):
Event: 1.405 Executing VM operation: HandshakeAllThreads (Deoptimize)
Event: 1.405 Executing VM operation: HandshakeAllThreads (Deoptimize) done
Event: 1.452 Executing VM operation: HandshakeAllThreads (Deoptimize)
Event: 1.452 Executing VM operation: HandshakeAllThreads (Deoptimize) done
Event: 1.564 Executing VM operation: HandshakeAllThreads (Deoptimize)
Event: 1.564 Executing VM operation: HandshakeAllThreads (Deoptimize) done
Event: 1.688 Executing VM operation: HandshakeAllThreads (Deoptimize)
Event: 1.688 Executing VM operation: HandshakeAllThreads (Deoptimize) done
Event: 1.840 Executing VM operation: HandshakeAllThreads (Deoptimize)
Event: 1.841 Executing VM operation: HandshakeAllThreads (Deoptimize) done
Event: 1.963 Executing VM operation: HandshakeAllThreads (Deoptimize)
Event: 1.963 Executing VM operation: HandshakeAllThreads (Deoptimize) done
Event: 2.173 Executing VM operation: G1CollectForAllocation (G1 Evacuation Pause)
Event: 2.181 Executing VM operation: G1CollectForAllocation (G1 Evacuation Pause) done
Event: 11.764 Executing VM operation: G1CollectForAllocation (G1 Evacuation Pause)
Event: 11.772 Executing VM operation: G1CollectForAllocation (G1 Evacuation Pause) done
Event: 11.898 Executing VM operation: HandshakeAllThreads (Deoptimize)
Event: 11.898 Executing VM operation: HandshakeAllThreads (Deoptimize) done
Event: 11.926 Executing VM operation: JFRSafepointClear
Event: 11.926 Executing VM operation: JFRSafepointClear done

Memory protections (0 events):
No events

Nmethod flushes (0 events):
No events

Events (20 events):
Event: 0.325 Thread 0x00000193c318f810 Thread added: 0x00000193c3339200
Event: 0.480 Thread 0x00000193e5cce090 Thread added: 0x00000193c34a0d60
Event: 0.480 Thread 0x00000193e5cce090 Thread added: 0x00000193c3a9a1f0
Event: 0.961 Thread 0x00000193e5cce090 Thread added: 0x00000193c3c46b40
Event: 1.058 Thread 0x00000193c3339200 Thread exited: 0x00000193c3339200
Event: 1.097 Thread 0x00000193e5cce090 Thread added: 0x00000193c3ca35d0
Event: 1.105 Thread 0x00000193e5cce090 Thread added: 0x00000193c3ccb2f0
Event: 1.261 Thread 0x00000193e5cce090 Thread added: 0x00000193ccf589b0
Event: 1.266 Thread 0x00000193ccf36200 Thread added: 0x00000193ccf36200
Event: 1.531 Thread 0x00000193c318f810 Thread added: 0x00000193cd04ba60
Event: 1.759 Thread 0x00000193c3121280 Thread added: 0x00000193cd1708f0
Event: 1.803 Thread 0x00000193cd1708f0 Thread added: 0x00000193cd134ef0
Event: 1.826 Thread 0x00000193cd134ef0 Thread added: 0x00000193cd138220
Event: 1.838 Thread 0x00000193cd134ef0 Thread added: 0x00000193cd136c30
Event: 2.509 Thread 0x00000193cd04ba60 Thread exited: 0x00000193cd04ba60
Event: 2.585 Thread 0x00000193c3ccb2f0 Thread added: 0x00000193cd4f46b0
Event: 2.911 Thread 0x00000193c3c46b40 Thread added: 0x00000193cd4f1ad0
Event: 8.230 Thread 0x00000193cd1708f0 Thread added: 0x00000193cd4f1380
Event: 11.684 Thread 0x00000193c3121280 Thread added: 0x00000193cd4f30c0
Event: 11.887 Thread 0x00000193c3121280 Thread added: 0x00000193cd4f3810


Dynamic libraries:
0x00007ff7796f0000 - 0x00007ff7796fe000 	C:\Users\Md Monser Ali\.jdks\openjdk-24\bin\java.exe
0x00007ffad7b10000 - 0x00007ffad7d08000 	C:\Windows\SYSTEM32\ntdll.dll
0x00007ffad7960000 - 0x00007ffad7a22000 	C:\Windows\System32\KERNEL32.DLL
0x00007ffad52e0000 - 0x00007ffad55d6000 	C:\Windows\System32\KERNELBASE.dll
0x00007ffad51b0000 - 0x00007ffad52b0000 	C:\Windows\System32\ucrtbase.dll
0x00007ffacf800000 - 0x00007ffacf816000 	C:\Users\Md Monser Ali\.jdks\openjdk-24\bin\jli.dll
0x00007ffacf7e0000 - 0x00007ffacf7fb000 	C:\Users\Md Monser Ali\.jdks\openjdk-24\bin\VCRUNTIME140.dll
0x00007ffad6d10000 - 0x00007ffad6ead000 	C:\Windows\System32\USER32.dll
0x00007ffad52b0000 - 0x00007ffad52d2000 	C:\Windows\System32\win32u.dll
0x00007ffad6050000 - 0x00007ffad607b000 	C:\Windows\System32\GDI32.dll
0x00007ffac4100000 - 0x00007ffac439a000 	C:\Windows\WinSxS\amd64_microsoft.windows.common-controls_6595b64144ccf1df_6.0.19041.5794_none_60bcd33171f2783c\COMCTL32.dll
0x00007ffad5a20000 - 0x00007ffad5b3a000 	C:\Windows\System32\gdi32full.dll
0x00007ffad55e0000 - 0x00007ffad567d000 	C:\Windows\System32\msvcp_win.dll
0x00007ffad7a30000 - 0x00007ffad7ace000 	C:\Windows\System32\msvcrt.dll
0x00007ffad7120000 - 0x00007ffad714f000 	C:\Windows\System32\IMM32.DLL
0x00007ffacff50000 - 0x00007ffacff5c000 	C:\Users\Md Monser Ali\.jdks\openjdk-24\bin\vcruntime140_1.dll
0x00007fface3f0000 - 0x00007fface47e000 	C:\Users\Md Monser Ali\.jdks\openjdk-24\bin\msvcp140.dll
0x00007ffa778c0000 - 0x00007ffa78662000 	C:\Users\Md Monser Ali\.jdks\openjdk-24\bin\server\jvm.dll
0x00007ffad61a0000 - 0x00007ffad624f000 	C:\Windows\System32\ADVAPI32.dll
0x00007ffad62c0000 - 0x00007ffad635f000 	C:\Windows\System32\sechost.dll
0x00007ffad6ec0000 - 0x00007ffad6fe3000 	C:\Windows\System32\RPCRT4.dll
0x00007ffad5710000 - 0x00007ffad5737000 	C:\Windows\System32\bcrypt.dll
0x00007ffad6250000 - 0x00007ffad62bb000 	C:\Windows\System32\WS2_32.dll
0x00007ffad5010000 - 0x00007ffad505b000 	C:\Windows\SYSTEM32\POWRPROF.dll
0x00007ffacefa0000 - 0x00007ffacefaa000 	C:\Windows\SYSTEM32\VERSION.dll
0x00007ffac4480000 - 0x00007ffac44a7000 	C:\Windows\SYSTEM32\WINMM.dll
0x00007ffad4ff0000 - 0x00007ffad5002000 	C:\Windows\SYSTEM32\UMPDC.dll
0x00007ffad3050000 - 0x00007ffad3062000 	C:\Windows\SYSTEM32\kernel.appcore.dll
0x00007ffacfe40000 - 0x00007ffacfe4a000 	C:\Users\Md Monser Ali\.jdks\openjdk-24\bin\jimage.dll
0x00007ffac44e0000 - 0x00007ffac46c4000 	C:\Windows\SYSTEM32\DBGHELP.DLL
0x00007ffabef40000 - 0x00007ffabef74000 	C:\Windows\SYSTEM32\dbgcore.DLL
0x00007ffad5680000 - 0x00007ffad5702000 	C:\Windows\System32\bcryptPrimitives.dll
0x00007ffacf7c0000 - 0x00007ffacf7cf000 	C:\Users\Md Monser Ali\.jdks\openjdk-24\bin\instrument.dll
0x00007ffacf5e0000 - 0x00007ffacf5fe000 	C:\Users\Md Monser Ali\.jdks\openjdk-24\bin\java.dll
0x00007ffad6ff0000 - 0x00007ffad711b000 	C:\Windows\System32\ole32.dll
0x00007ffad71b0000 - 0x00007ffad7503000 	C:\Windows\System32\combase.dll
0x00007ffad6360000 - 0x00007ffad6ace000 	C:\Windows\System32\SHELL32.dll
0x00007ffad3250000 - 0x00007ffad39f3000 	C:\Windows\SYSTEM32\windows.storage.dll
0x00007ffad4b10000 - 0x00007ffad4b3b000 	C:\Windows\SYSTEM32\Wldp.dll
0x00007ffad7570000 - 0x00007ffad763d000 	C:\Windows\System32\OLEAUT32.dll
0x00007ffad6c60000 - 0x00007ffad6d0d000 	C:\Windows\System32\SHCORE.dll
0x00007ffad7510000 - 0x00007ffad7565000 	C:\Windows\System32\shlwapi.dll
0x00007ffad50e0000 - 0x00007ffad5105000 	C:\Windows\SYSTEM32\profapi.dll
0x00007fface1b0000 - 0x00007fface287000 	C:\Users\Md Monser Ali\.jdks\openjdk-24\bin\jsvml.dll
0x00007ffacf7b0000 - 0x00007ffacf7c0000 	C:\Users\Md Monser Ali\.jdks\openjdk-24\bin\net.dll
0x00007ffad4870000 - 0x00007ffad48dc000 	C:\Windows\system32\mswsock.dll
0x00007ffacf5c0000 - 0x00007ffacf5d6000 	C:\Users\Md Monser Ali\.jdks\openjdk-24\bin\nio.dll
0x00007ffacf000000 - 0x00007ffacf017000 	C:\Users\Md Monser Ali\.jdks\openjdk-24\bin\zip.dll
0x00000193c3e10000 - 0x00000193c3e13000 	C:\Users\Md Monser Ali\.openjfx\cache\17.0.6\api-ms-win-core-console-l1-1-0.dll
0x00000193c3e20000 - 0x00000193c3e23000 	C:\Users\Md Monser Ali\.openjfx\cache\17.0.6\api-ms-win-core-console-l1-2-0.dll
0x00000193c3e30000 - 0x00000193c3e33000 	C:\Users\Md Monser Ali\.openjfx\cache\17.0.6\api-ms-win-core-datetime-l1-1-0.dll
0x00000193c3e40000 - 0x00000193c3e43000 	C:\Users\Md Monser Ali\.openjfx\cache\17.0.6\api-ms-win-core-debug-l1-1-0.dll
0x00000193c3e50000 - 0x00000193c3e53000 	C:\Users\Md Monser Ali\.openjfx\cache\17.0.6\api-ms-win-core-errorhandling-l1-1-0.dll
0x00000193c3e60000 - 0x00000193c3e64000 	C:\Users\Md Monser Ali\.openjfx\cache\17.0.6\api-ms-win-core-file-l1-1-0.dll
0x00000193c3e70000 - 0x00000193c3e73000 	C:\Users\Md Monser Ali\.openjfx\cache\17.0.6\api-ms-win-core-file-l1-2-0.dll
0x00000193c3e80000 - 0x00000193c3e83000 	C:\Users\Md Monser Ali\.openjfx\cache\17.0.6\api-ms-win-core-file-l2-1-0.dll
0x00000193c3e90000 - 0x00000193c3e93000 	C:\Users\Md Monser Ali\.openjfx\cache\17.0.6\api-ms-win-core-handle-l1-1-0.dll
0x00000193c3ea0000 - 0x00000193c3ea3000 	C:\Users\Md Monser Ali\.openjfx\cache\17.0.6\api-ms-win-core-heap-l1-1-0.dll
0x00000193c3eb0000 - 0x00000193c3eb3000 	C:\Users\Md Monser Ali\.openjfx\cache\17.0.6\api-ms-win-core-interlocked-l1-1-0.dll
0x00000193c3ec0000 - 0x00000193c3ec3000 	C:\Users\Md Monser Ali\.openjfx\cache\17.0.6\api-ms-win-core-libraryloader-l1-1-0.dll
0x00000193c3ed0000 - 0x00000193c3ed3000 	C:\Users\Md Monser Ali\.openjfx\cache\17.0.6\api-ms-win-core-localization-l1-2-0.dll
0x00000193c3ee0000 - 0x00000193c3ee3000 	C:\Users\Md Monser Ali\.openjfx\cache\17.0.6\api-ms-win-core-memory-l1-1-0.dll
0x00000193c3ef0000 - 0x00000193c3ef3000 	C:\Users\Md Monser Ali\.openjfx\cache\17.0.6\api-ms-win-core-namedpipe-l1-1-0.dll
0x00000193c3f00000 - 0x00000193c3f03000 	C:\Users\Md Monser Ali\.openjfx\cache\17.0.6\api-ms-win-core-processenvironment-l1-1-0.dll
0x00000193c3f10000 - 0x00000193c3f13000 	C:\Users\Md Monser Ali\.openjfx\cache\17.0.6\api-ms-win-core-processthreads-l1-1-0.dll
0x00000193c3f20000 - 0x00000193c3f23000 	C:\Users\Md Monser Ali\.openjfx\cache\17.0.6\api-ms-win-core-processthreads-l1-1-1.dll
0x00000193c3f30000 - 0x00000193c3f33000 	C:\Users\Md Monser Ali\.openjfx\cache\17.0.6\api-ms-win-core-profile-l1-1-0.dll
0x00000193c3f40000 - 0x00000193c3f43000 	C:\Users\Md Monser Ali\.openjfx\cache\17.0.6\api-ms-win-core-rtlsupport-l1-1-0.dll
0x00000193c3f50000 - 0x00000193c3f53000 	C:\Users\Md Monser Ali\.openjfx\cache\17.0.6\api-ms-win-core-string-l1-1-0.dll
0x00000193c3f60000 - 0x00000193c3f63000 	C:\Users\Md Monser Ali\.openjfx\cache\17.0.6\api-ms-win-core-synch-l1-1-0.dll
0x00000193c3f70000 - 0x00000193c3f73000 	C:\Users\Md Monser Ali\.openjfx\cache\17.0.6\api-ms-win-core-synch-l1-2-0.dll
0x00000193c3f80000 - 0x00000193c3f83000 	C:\Users\Md Monser Ali\.openjfx\cache\17.0.6\api-ms-win-core-sysinfo-l1-1-0.dll
0x00000193c3f90000 - 0x00000193c3f93000 	C:\Users\Md Monser Ali\.openjfx\cache\17.0.6\api-ms-win-core-timezone-l1-1-0.dll
0x00000193c3fa0000 - 0x00000193c3fa3000 	C:\Users\Md Monser Ali\.openjfx\cache\17.0.6\api-ms-win-core-util-l1-1-0.dll
0x00000193c3fb0000 - 0x00000193c3fb3000 	C:\Users\Md Monser Ali\.openjfx\cache\17.0.6\api-ms-win-crt-conio-l1-1-0.dll
0x00000193c3fc0000 - 0x00000193c3fc4000 	C:\Users\Md Monser Ali\.openjfx\cache\17.0.6\api-ms-win-crt-convert-l1-1-0.dll
0x00000193c3fd0000 - 0x00000193c3fd3000 	C:\Users\Md Monser Ali\.openjfx\cache\17.0.6\api-ms-win-crt-environment-l1-1-0.dll
0x00000193c3fe0000 - 0x00000193c3fe3000 	C:\Users\Md Monser Ali\.openjfx\cache\17.0.6\api-ms-win-crt-filesystem-l1-1-0.dll
0x00000193c3ff0000 - 0x00000193c3ff3000 	C:\Users\Md Monser Ali\.openjfx\cache\17.0.6\api-ms-win-crt-heap-l1-1-0.dll
0x00000193c8000000 - 0x00000193c8003000 	C:\Users\Md Monser Ali\.openjfx\cache\17.0.6\api-ms-win-crt-locale-l1-1-0.dll
0x00000193c8010000 - 0x00000193c8015000 	C:\Users\Md Monser Ali\.openjfx\cache\17.0.6\api-ms-win-crt-math-l1-1-0.dll
0x00000193c8020000 - 0x00000193c8025000 	C:\Users\Md Monser Ali\.openjfx\cache\17.0.6\api-ms-win-crt-multibyte-l1-1-0.dll
0x00000193c8030000 - 0x00000193c8040000 	C:\Users\Md Monser Ali\.openjfx\cache\17.0.6\api-ms-win-crt-private-l1-1-0.dll
0x00000193c8040000 - 0x00000193c8043000 	C:\Users\Md Monser Ali\.openjfx\cache\17.0.6\api-ms-win-crt-process-l1-1-0.dll
0x00000193c8050000 - 0x00000193c8054000 	C:\Users\Md Monser Ali\.openjfx\cache\17.0.6\api-ms-win-crt-runtime-l1-1-0.dll
0x00000193c8060000 - 0x00000193c8064000 	C:\Users\Md Monser Ali\.openjfx\cache\17.0.6\api-ms-win-crt-stdio-l1-1-0.dll
0x00000193c8070000 - 0x00000193c8074000 	C:\Users\Md Monser Ali\.openjfx\cache\17.0.6\api-ms-win-crt-string-l1-1-0.dll
0x00000193c8080000 - 0x00000193c8083000 	C:\Users\Md Monser Ali\.openjfx\cache\17.0.6\api-ms-win-crt-time-l1-1-0.dll
0x00000193c8090000 - 0x00000193c8093000 	C:\Users\Md Monser Ali\.openjfx\cache\17.0.6\api-ms-win-crt-utility-l1-1-0.dll
0x00007ffa9f070000 - 0x00007ffa9f16c000 	C:\Users\Md Monser Ali\.openjfx\cache\17.0.6\ucrtbase.dll
0x00007ffacea60000 - 0x00007ffacea7a000 	C:\Users\Md Monser Ali\.openjfx\cache\17.0.6\vcruntime140.dll
0x00007fface3e0000 - 0x00007fface3ec000 	C:\Users\Md Monser Ali\.openjfx\cache\17.0.6\vcruntime140_1.dll
0x00007ffabde50000 - 0x00007ffabdedd000 	C:\Users\Md Monser Ali\.openjfx\cache\17.0.6\msvcp140.dll
0x00007fface3d0000 - 0x00007fface3d9000 	C:\Users\Md Monser Ali\.openjfx\cache\17.0.6\msvcp140_1.dll
0x00007fface3a0000 - 0x00007fface3cf000 	C:\Users\Md Monser Ali\.openjfx\cache\17.0.6\msvcp140_2.dll
0x00007fface370000 - 0x00007fface39a000 	C:\Users\Md Monser Ali\.openjfx\cache\17.0.6\prism_d3d.dll
0x00007ffa9ee90000 - 0x00007ffa9f061000 	C:\Windows\system32\d3d9.dll
0x00007ffad2e70000 - 0x00007ffad2e9f000 	C:\Windows\SYSTEM32\dwmapi.dll
0x00007ffad2b60000 - 0x00007ffad2bfe000 	C:\Windows\system32\uxtheme.dll
0x00007ffa96820000 - 0x00007ffa969cf000 	C:\Windows\System32\DriverStore\FileRepository\igdlh64.inf_amd64_e6797382daf01d86\igdumdim64.dll
0x00007ffa78670000 - 0x00007ffa7b713000 	C:\Windows\System32\DriverStore\FileRepository\igdlh64.inf_amd64_e6797382daf01d86\igd9dxva64.dll
0x00007ffad5b40000 - 0x00007ffad5fb0000 	C:\Windows\System32\SETUPAPI.dll
0x00007ffad5920000 - 0x00007ffad596e000 	C:\Windows\System32\cfgmgr32.dll
0x00007ffac9d70000 - 0x00007ffaca179000 	C:\Windows\System32\DriverStore\FileRepository\igdlh64.inf_amd64_e6797382daf01d86\igdgmm64.dll
0x00007fface0f0000 - 0x00007fface132000 	C:\Users\Md Monser Ali\.openjfx\cache\17.0.6\glass.dll
0x00007ffad6ad0000 - 0x00007ffad6baa000 	C:\Windows\System32\COMDLG32.dll
0x00007ffad6080000 - 0x00007ffad6195000 	C:\Windows\System32\MSCTF.dll
0x00007ffa9a810000 - 0x00007ffa9a837000 	C:\Windows\System32\DriverStore\FileRepository\igdlh64.inf_amd64_e6797382daf01d86\igdinfo64.dll
0x00007ffac65d0000 - 0x00007ffac9d64000 	C:\Windows\System32\DriverStore\FileRepository\igdlh64.inf_amd64_e6797382daf01d86\igc64.dll
0x00007ffacaf70000 - 0x00007ffacafab000 	C:\Windows\SYSTEM32\dxcore.dll
0x00007ffad4590000 - 0x00007ffad465a000 	C:\Windows\SYSTEM32\DNSAPI.dll
0x00007ffad4550000 - 0x00007ffad458b000 	C:\Windows\SYSTEM32\IPHLPAPI.DLL
0x00007ffad7660000 - 0x00007ffad7668000 	C:\Windows\System32\NSI.dll
0x000000005baa0000 - 0x000000005bac6000 	C:\Program Files\Bonjour\mdnsNSP.dll
0x00007ffaca450000 - 0x00007ffaca45a000 	C:\Windows\System32\rasadhlp.dll
0x00007ffaca5a0000 - 0x00007ffaca620000 	C:\Windows\System32\fwpuclnt.dll
0x00007ffac1e90000 - 0x00007ffac1e9a000 	C:\Users\Md Monser Ali\.jdks\openjdk-24\bin\management.dll
0x00007ffabfbc0000 - 0x00007ffabfbcb000 	C:\Users\Md Monser Ali\.jdks\openjdk-24\bin\management_ext.dll
0x00007ffad5fb0000 - 0x00007ffad5fb8000 	C:\Windows\System32\PSAPI.DLL
0x00007ffad4a70000 - 0x00007ffad4a88000 	C:\Windows\SYSTEM32\CRYPTSP.dll
0x00007ffad4190000 - 0x00007ffad41c8000 	C:\Windows\system32\rsaenh.dll
0x00007ffad50a0000 - 0x00007ffad50ce000 	C:\Windows\SYSTEM32\USERENV.dll
0x00007ffad4a60000 - 0x00007ffad4a6c000 	C:\Windows\SYSTEM32\CRYPTBASE.dll
0x00007ffacf740000 - 0x00007ffacf757000 	C:\Windows\system32\napinsp.dll
0x00007ffacf720000 - 0x00007ffacf73b000 	C:\Windows\system32\pnrpnsp.dll
0x00007ffacfdf0000 - 0x00007ffacfe05000 	C:\Windows\system32\wshbth.dll
0x00007ffacfdd0000 - 0x00007ffacfded000 	C:\Windows\system32\NLAapi.dll
0x00007ffacf700000 - 0x00007ffacf712000 	C:\Windows\System32\winrnr.dll

dbghelp: loaded successfully - version: 4.0.5 - missing functions: none
symbol engine: initialized successfully - sym options: 0x614 - pdb path: .;C:\Users\Md Monser Ali\.jdks\openjdk-24\bin;C:\Windows\SYSTEM32;C:\Windows\WinSxS\amd64_microsoft.windows.common-controls_6595b64144ccf1df_6.0.19041.5794_none_60bcd33171f2783c;C:\Users\Md Monser Ali\.jdks\openjdk-24\bin\server;C:\Users\Md Monser Ali\.openjfx\cache\17.0.6;C:\Windows\System32\DriverStore\FileRepository\igdlh64.inf_amd64_e6797382daf01d86;C:\Program Files\Bonjour;C:\Program Files\Common Files\Microsoft Shared\Ink;C:\Users\MDMONS~1\AppData\Local\Temp\idea_libasyncProfiler_dll_temp_folder

VM Arguments:
jvm_args: -javaagent:C:\Program Files\JetBrains\IntelliJ IDEA 2025.1\lib\idea_rt.jar=51971 -Dfile.encoding=UTF-8 -Dsun.stdout.encoding=UTF-8 -Dsun.stderr.encoding=UTF-8 --module-path=C:\Users\Md Monser Ali\.m2\repository\org\openjfx\javafx-base\17.0.6\javafx-base-17.0.6-win.jar;C:\Users\Md Monser Ali\IdeaProjects\MysticMaze\target\classes;C:\Users\Md Monser Ali\.m2\repository\org\openjfx\javafx-controls\17.0.6\javafx-controls-17.0.6-win.jar;C:\Users\Md Monser Ali\.m2\repository\org\openjfx\javafx-graphics\17.0.6\javafx-graphics-17.0.6-win.jar;C:\Users\Md Monser Ali\.m2\repository\org\openjfx\javafx-fxml\17.0.6\javafx-fxml-17.0.6-win.jar -Djdk.module.main=com.example.mysticmaze 
java_command: com.example.mysticmaze/com.example.mysticmaze.Main
java_class_path (initial): C:\Users\Md Monser Ali\.m2\repository\org\openjfx\javafx-controls\17.0.6\javafx-controls-17.0.6.jar;C:\Users\Md Monser Ali\.m2\repository\org\openjfx\javafx-graphics\17.0.6\javafx-graphics-17.0.6.jar;C:\Users\Md Monser Ali\.m2\repository\org\openjfx\javafx-base\17.0.6\javafx-base-17.0.6.jar;C:\Users\Md Monser Ali\.m2\repository\org\openjfx\javafx-fxml\17.0.6\javafx-fxml-17.0.6.jar;C:\Users\Md Monser Ali\Downloads\mysql-connector-j-9.3.0\mysql-connector-j-9.3.0.jar
Launcher Type: SUN_STANDARD

[Global flags]
     intx CICompilerCount                          = 3                                         {product} {ergonomic}
     uint ConcGCThreads                            = 1                                         {product} {ergonomic}
     bool FlightRecorder                           = true                                      {product} {management}
     uint G1ConcRefinementThreads                  = 4                                         {product} {ergonomic}
   size_t G1HeapRegionSize                         = 1048576                                   {product} {ergonomic}
   size_t InitialHeapSize                          = 67108864                                  {product} {ergonomic}
   size_t MarkStackSize                            = 4194304                                   {product} {ergonomic}
   size_t MarkStackSizeMax                         = 536870912                                 {product} {ergonomic}
   size_t MaxHeapSize                              = 1044381696                                {product} {ergonomic}
   size_t MaxNewSize                               = 625999872                                 {product} {ergonomic}
   size_t MinHeapDeltaBytes                        = 1048576                                   {product} {ergonomic}
   size_t MinHeapSize                              = 8388608                                   {product} {ergonomic}
    uintx NonNMethodCodeHeapSize                   = 5832704                                {pd product} {ergonomic}
    uintx NonProfiledCodeHeapSize                  = 122945536                              {pd product} {ergonomic}
    uintx ProfiledCodeHeapSize                     = 122880000                              {pd product} {ergonomic}
    uintx ReservedCodeCacheSize                    = 251658240                              {pd product} {ergonomic}
     bool SegmentedCodeCache                       = true                                      {product} {ergonomic}
   size_t SoftMaxHeapSize                          = 1044381696                             {manageable} {ergonomic}
     bool UseCompressedOops                        = true                           {product lp64_product} {ergonomic}
     bool UseG1GC                                  = true                                      {product} {ergonomic}
     bool UseLargePagesIndividualAllocation        = false                                  {pd product} {ergonomic}

Logging:
Log output configuration:
 #0: stdout all=warning uptime,level,tags foldmultilines=false
 #1: stderr all=off uptime,level,tags foldmultilines=false

Environment Variables:
PATH=C:\Windows\system32;C:\Windows;C:\Windows\System32\Wbem;C:\Windows\System32\WindowsPowerShell\v1.0\;C:\Windows\System32\OpenSSH\;C:\Program Files\Microsoft SQL Server\150\Tools\Binn\;C:\Program Files\Git\cmd;C:\Users\Md Monser Ali\AppData\Local\Programs\Python\Launcher\;C:\Users\Md Monser Ali\AppData\Local\Microsoft\WindowsApps;C:\Users\Md Monser Ali\AppData\Local\Programs\Microsoft VS Code\bin;C:\Program Files\JetBrains\IntelliJ IDEA 2025.1\bin;
USERNAME=Md Monser Ali
OS=Windows_NT
PROCESSOR_IDENTIFIER=Intel64 Family 6 Model 158 Stepping 9, GenuineIntel
TMP=C:\Users\MDMONS~1\AppData\Local\Temp
TEMP=C:\Users\MDMONS~1\AppData\Local\Temp




Periodic native trim disabled

---------------  S Y S T E M  ---------------

OS:
 Windows 10 , 64 bit Build 19041 (10.0.19041.5794)
OS uptime: 0 days 2:47 hours

CPU: total 4 (initial active 4) (2 cores per cpu, 2 threads per core) family 6 model 158 stepping 9 microcode 0xb4, cx8, cmov, fxsr, ht, mmx, 3dnowpref, sse, sse2, sse3, ssse3, sse4.1, sse4.2, popcnt, lzcnt, tsc, tscinvbit, avx, avx2, aes, erms, clmul, bmi1, bmi2, adx, fma, vzeroupper, clflush, clflushopt, rdtscp, f16c
Processor Information for the first 4 processors :
  Max Mhz: 3900, Current Mhz: 3900, Mhz Limit: 3900

Memory: 4k page, system-wide physical 3982M (369M free)
TotalPageFile size 10389M (AvailPageFile size 1784M)
current process WorkingSet (physical memory assigned to process): 200M, peak: 200M
current process commit charge ("private bytes"): 268M, peak: 268M

vm_info: OpenJDK 64-Bit Server VM (24+36-3646) for windows-amd64 JRE (24+36-3646), built on 2025-02-06T00:20:43Z with MS VC++ 17.6 (VS2022)

END.
